{"level":"\u001b[32minfo\u001b[39m","message":"{\"method\":\"POST\",\"url\":\"/tea\",\"status\":\"201\",\"responseTime\":\"31.259\"}","timestamp":"2024-11-20T04:20:52.129Z"}
{"level":"\u001b[32minfo\u001b[39m","message":"{\"method\":\"GET\",\"url\":\"/teas\",\"status\":\"201\",\"responseTime\":\"1.632\"}","timestamp":"2024-11-20T04:22:10.949Z"}
{"level":"\u001b[32minfo\u001b[39m","message":"","timestamp":"2024-11-20T04:23:19.110Z"}
{"level":"\u001b[32minfo\u001b[39m","message":"This is a info message","timestamp":"2024-11-20T04:23:28.701Z"}
{"level":"\u001b[32minfo\u001b[39m","message":"This is a info message","timestamp":"2024-11-20T04:23:36.586Z"}
{"level":"\u001b[32minfo\u001b[39m","message":"This is a info message","timestamp":"2024-11-20T04:23:37.705Z"}
{"level":"\u001b[33mwarn\u001b[39m","message":"This is a warning message","timestamp":"2024-11-20T04:23:37.711Z"}
{"level":"\u001b[32minfo\u001b[39m","message":"This is a info message","timestamp":"2024-11-20T04:23:48.185Z"}
{"level":"\u001b[33mwarn\u001b[39m","message":"This is a warning message","timestamp":"2024-11-20T04:23:48.191Z"}
{"level":"\u001b[31merror\u001b[39m","message":"This is a error message","timestamp":"2024-11-20T04:23:48.192Z"}
{"level":"\u001b[32minfo\u001b[39m","message":"This is a info message","timestamp":"2024-11-20T04:23:54.247Z"}
{"level":"\u001b[33mwarn\u001b[39m","message":"This is a warning message","timestamp":"2024-11-20T04:23:54.254Z"}
{"level":"\u001b[31merror\u001b[39m","message":"This is an error message","timestamp":"2024-11-20T04:23:54.255Z"}
{"level":"\u001b[32minfo\u001b[39m","message":"This is a info message","timestamp":"2024-11-20T04:23:57.051Z"}
{"level":"\u001b[33mwarn\u001b[39m","message":"This is a warning message","timestamp":"2024-11-20T04:23:57.057Z"}
{"level":"\u001b[31merror\u001b[39m","message":"This is an error message","timestamp":"2024-11-20T04:23:57.058Z"}
{"level":"\u001b[32minfo\u001b[39m","message":"This is a info message","timestamp":"2024-11-20T04:24:06.528Z"}
{"level":"\u001b[33mwarn\u001b[39m","message":"This is a warning message","timestamp":"2024-11-20T04:24:06.533Z"}
{"level":"\u001b[31merror\u001b[39m","message":"This is an error message","timestamp":"2024-11-20T04:24:06.534Z"}
{"level":"\u001b[32minfo\u001b[39m","message":"This is a info message","timestamp":"2024-11-20T04:24:18.836Z"}
{"level":"\u001b[33mwarn\u001b[39m","message":"This is a warning message","timestamp":"2024-11-20T04:24:18.843Z"}
{"level":"\u001b[31merror\u001b[39m","message":"This is an error message","timestamp":"2024-11-20T04:24:18.844Z"}
{"level":"\u001b[32minfo\u001b[39m","message":"This is a info message","timestamp":"2024-11-20T04:24:22.767Z"}
{"level":"\u001b[33mwarn\u001b[39m","message":"This is a warning message","timestamp":"2024-11-20T04:24:22.779Z"}
{"level":"\u001b[31merror\u001b[39m","message":"This is an error message","timestamp":"2024-11-20T04:24:22.781Z"}
{"level":"\u001b[32minfo\u001b[39m","message":"This is a info message","timestamp":"2024-11-20T04:24:25.177Z"}
{"level":"\u001b[33mwarn\u001b[39m","message":"This is a warning message","timestamp":"2024-11-20T04:24:25.185Z"}
{"level":"\u001b[31merror\u001b[39m","message":"This is an error message","timestamp":"2024-11-20T04:24:25.188Z"}
{"level":"\u001b[32minfo\u001b[39m","message":"This is a info message","timestamp":"2024-11-20T04:24:28.198Z"}
{"level":"\u001b[33mwarn\u001b[39m","message":"This is a warning message","timestamp":"2024-11-20T04:24:28.205Z"}
{"level":"\u001b[31merror\u001b[39m","message":"This is an error message","timestamp":"2024-11-20T04:24:28.206Z"}
{"level":"\u001b[32minfo\u001b[39m","message":"This is a info message","timestamp":"2024-11-20T04:24:33.964Z"}
{"level":"\u001b[33mwarn\u001b[39m","message":"This is a warning message","timestamp":"2024-11-20T04:24:33.971Z"}
{"level":"\u001b[31merror\u001b[39m","message":"This is an error message","timestamp":"2024-11-20T04:24:33.971Z"}
{"level":"\u001b[32minfo\u001b[39m","message":"A post request is made to add a new tea","timestamp":"2024-11-20T04:26:57.638Z"}
{"level":"\u001b[32minfo\u001b[39m","message":"{\"method\":\"POST\",\"url\":\"/tea\",\"status\":\"201\",\"responseTime\":\"47.704\"}","timestamp":"2024-11-20T04:26:57.663Z"}
